#
# A fatal error has been detected by the Java Runtime Environment:
#
#  SIGSEGV (0xb) at pc=0x00007fb9fa158882, pid=6574, tid=6576
#
# JRE version: OpenJDK Runtime Environment (11.0.17+8) (build 11.0.17+8-post-Ubuntu-1ubuntu220.04)
# Java VM: OpenJDK 64-Bit Server VM (11.0.17+8-post-Ubuntu-1ubuntu220.04, mixed mode, sharing, tiered, compressed oops, g1 gc, linux-amd64)
# Problematic frame:
# C  [libLLVM-13.so+0xc2c882]  LLVMBuildLoad+0x12
#
# Core dump will be written. Default location: Core dumps may be processed with "/usr/share/apport/apport -p%p -s%s -c%c -d%d -P%P -u%u -g%g -- %E" (or dumping to /usr/local/lib/Lab/core.6574)
#
# If you would like to submit a bug report, please visit:
#   https://bugs.launchpad.net/ubuntu/+source/openjdk-lts
# The crash happened outside the Java Virtual Machine in native code.
# See problematic frame for where to report the bug.
#

---------------  S U M M A R Y ------------

Command Line: -javaagent:/opt/idea/idea-IU-222.4345.14/lib/idea_rt.jar=44095:/opt/idea/idea-IU-222.4345.14/bin -Dfile.encoding=UTF-8 Main /usr/local/lib/Lab/tests/test1.sysy /usr/local/lib/Lab/tests/lab4.ll

Host: AMD Ryzen 5 4600U with Radeon Graphics, 2 cores, 3G, Ubuntu 20.04.5 LTS
Time: Tue Dec 27 02:31:05 2022 PST elapsed time: 0.879164 seconds (0d 0h 0m 0s)

---------------  T H R E A D  ---------------

Current thread (0x00007fba58018000):  JavaThread "main" [_thread_in_native, id=6576, stack(0x00007fba5d05f000,0x00007fba5d160000)]

Stack: [0x00007fba5d05f000,0x00007fba5d160000],  sp=0x00007fba5d15d960,  free space=1018k
Native frames: (J=compiled Java code, A=aot compiled Java code, j=interpreted, Vv=VM code, C=native code)
C  [libLLVM-13.so+0xc2c882]  LLVMBuildLoad+0x12

Java frames: (J=compiled Java code, j=interpreted, Vv=VM code)
j  org.bytedeco.llvm.global.LLVM.LLVMBuildLoad(Lorg/bytedeco/llvm/LLVM/LLVMBuilderRef;Lorg/bytedeco/llvm/LLVM/LLVMValueRef;Ljava/lang/String;)Lorg/bytedeco/llvm/LLVM/LLVMValueRef;+0
j  MyVisitor.visitLvalExp(LSysYParser$LvalExpContext;)Lorg/bytedeco/llvm/LLVM/LLVMValueRef;+40
j  MyVisitor.visitLvalExp(LSysYParser$LvalExpContext;)Ljava/lang/Object;+2
j  SysYParser$LvalExpContext.accept(Lorg/antlr/v4/runtime/tree/ParseTreeVisitor;)Ljava/lang/Object;+12
j  org.antlr.v4.runtime.tree.AbstractParseTreeVisitor.visitChildren(Lorg/antlr/v4/runtime/tree/RuleNode;)Ljava/lang/Object;+46
j  SysYParserBaseVisitor.visitParam(LSysYParser$ParamContext;)Ljava/lang/Object;+2
j  SysYParser$ParamContext.accept(Lorg/antlr/v4/runtime/tree/ParseTreeVisitor;)Ljava/lang/Object;+12
j  org.antlr.v4.runtime.tree.AbstractParseTreeVisitor.visitChildren(Lorg/antlr/v4/runtime/tree/RuleNode;)Ljava/lang/Object;+46
j  SysYParserBaseVisitor.visitFuncRParams(LSysYParser$FuncRParamsContext;)Ljava/lang/Object;+2
j  SysYParser$FuncRParamsContext.accept(Lorg/antlr/v4/runtime/tree/ParseTreeVisitor;)Ljava/lang/Object;+12
j  org.antlr.v4.runtime.tree.AbstractParseTreeVisitor.visitChildren(Lorg/antlr/v4/runtime/tree/RuleNode;)Ljava/lang/Object;+46
j  SysYParserBaseVisitor.visitCallFuncExp(LSysYParser$CallFuncExpContext;)Ljava/lang/Object;+2
j  SysYParser$CallFuncExpContext.accept(Lorg/antlr/v4/runtime/tree/ParseTreeVisitor;)Ljava/lang/Object;+12
j  org.antlr.v4.runtime.tree.AbstractParseTreeVisitor.visit(Lorg/antlr/v4/runtime/tree/ParseTree;)Ljava/lang/Object;+2
j  MyVisitor.visitReturnStmt(LSysYParser$ReturnStmtContext;)Lorg/bytedeco/llvm/LLVM/LLVMValueRef;+5
j  MyVisitor.visitReturnStmt(LSysYParser$ReturnStmtContext;)Ljava/lang/Object;+2
j  SysYParser$ReturnStmtContext.accept(Lorg/antlr/v4/runtime/tree/ParseTreeVisitor;)Ljava/lang/Object;+12
j  org.antlr.v4.runtime.tree.AbstractParseTreeVisitor.visitChildren(Lorg/antlr/v4/runtime/tree/RuleNode;)Ljava/lang/Object;+46
j  SysYParserBaseVisitor.visitBlockItem(LSysYParser$BlockItemContext;)Ljava/lang/Object;+2
j  SysYParser$BlockItemContext.accept(Lorg/antlr/v4/runtime/tree/ParseTreeVisitor;)Ljava/lang/Object;+12
j  org.antlr.v4.runtime.tree.AbstractParseTreeVisitor.visitChildren(Lorg/antlr/v4/runtime/tree/RuleNode;)Ljava/lang/Object;+46
j  SysYParserBaseVisitor.visitBlock(LSysYParser$BlockContext;)Ljava/lang/Object;+2
j  SysYParser$BlockContext.accept(Lorg/antlr/v4/runtime/tree/ParseTreeVisitor;)Ljava/lang/Object;+12
j  org.antlr.v4.runtime.tree.AbstractParseTreeVisitor.visitChildren(Lorg/antlr/v4/runtime/tree/RuleNode;)Ljava/lang/Object;+46
j  SysYParserBaseVisitor.visitFuncDef(LSysYParser$FuncDefContext;)Ljava/lang/Object;+2
j  MyVisitor.visitFuncDef(LSysYParser$FuncDefContext;)Lorg/bytedeco/llvm/LLVM/LLVMValueRef;+296
j  MyVisitor.visitFuncDef(LSysYParser$FuncDefContext;)Ljava/lang/Object;+2
j  SysYParser$FuncDefContext.accept(Lorg/antlr/v4/runtime/tree/ParseTreeVisitor;)Ljava/lang/Object;+12
j  org.antlr.v4.runtime.tree.AbstractParseTreeVisitor.visitChildren(Lorg/antlr/v4/runtime/tree/RuleNode;)Ljava/lang/Object;+46
j  SysYParserBaseVisitor.visitCompUnit(LSysYParser$CompUnitContext;)Ljava/lang/Object;+2
j  MyVisitor.visitProgram(LSysYParser$ProgramContext;)Lorg/bytedeco/llvm/LLVM/LLVMValueRef;+5
j  MyVisitor.visitProgram(LSysYParser$ProgramContext;)Ljava/lang/Object;+2
j  SysYParser$ProgramContext.accept(Lorg/antlr/v4/runtime/tree/ParseTreeVisitor;)Ljava/lang/Object;+12
j  org.antlr.v4.runtime.tree.AbstractParseTreeVisitor.visit(Lorg/antlr/v4/runtime/tree/ParseTree;)Ljava/lang/Object;+2
j  Main.main([Ljava/lang/String;)V+81
v  ~StubRoutines::call_stub

siginfo: si_signo: 11 (SIGSEGV), si_code: 1 (SEGV_MAPERR), si_addr: 0x0000000000000000

Register to memory mapping:

RAX=0x00007fba5845e2d0 points into unknown readable memory: 0x00007fba58000061 | 61 00 00 58 ba 7f 00 00
RBX=0x0 is NULL
RCX=0x0000000000000061 is an unknown value
RDX=0x00007fba5845e2d0 points into unknown readable memory: 0x00007fba58000061 | 61 00 00 58 ba 7f 00 00
RSP=0x00007fba5d15d960 is pointing into the stack for thread: 0x00007fba58018000
RBP=0x00007fba5842fdb0 points into unknown readable memory: 0x00007fba5842fdc0 | c0 fd 42 58 ba 7f 00 00
RSI=0x0 is NULL
RDI=0x00007fba5842fdb0 points into unknown readable memory: 0x00007fba5842fdc0 | c0 fd 42 58 ba 7f 00 00
R8 =0x00000000c64ef558 points into unknown readable memory: 0x0000000000000061 | 61 00 00 00 00 00 00 00
R9 =0x00007fba58018000 is a thread
R10=0x0 is NULL
R11=0x00000000000003d8 is an unknown value
R12=0x0 is NULL
R13=0x0 is NULL
R14=0x00007fba5845e2d0 points into unknown readable memory: 0x00007fba58000061 | 61 00 00 58 ba 7f 00 00
R15=0x00007fba58018000 is a thread


Registers:
RAX=0x00007fba5845e2d0, RBX=0x0000000000000000, RCX=0x0000000000000061, RDX=0x00007fba5845e2d0
RSP=0x00007fba5d15d960, RBP=0x00007fba5842fdb0, RSI=0x0000000000000000, RDI=0x00007fba5842fdb0
R8 =0x00000000c64ef558, R9 =0x00007fba58018000, R10=0x0000000000000000, R11=0x00000000000003d8
R12=0x0000000000000000, R13=0x0000000000000000, R14=0x00007fba5845e2d0, R15=0x00007fba58018000
RIP=0x00007fb9fa158882, EFLAGS=0x0000000000010206, CSGSFS=0x002b000000000033, ERR=0x0000000000000004
  TRAPNO=0x000000000000000e

Top of Stack: (sp=0x00007fba5d15d960)
0x00007fba5d15d960:   00007fba58018000 0000000000000000
0x00007fba5d15d970:   00007fba58018000 00007fba5e84c299
0x00007fba5d15d980:   0000000000000002 0000000000000001
0x00007fba5d15d990:   00007fba5845e2d0 00007fba5811e600 

Instructions: (pc=0x00007fb9fa158882)
0x00007fb9fa158782:   89 c4 4c 8d 4c 24 40 e8 92 57 09 00 48 8b 7d 50
0x00007fb9fa158792:   48 8b 4d 30 4c 89 e6 48 8d 54 24 10 4c 8b 45 38
0x00007fb9fa1587a2:   48 8b 07 ff 50 10 48 8b 5d 00 8b 6d 08 5a 59 48
0x00007fb9fa1587b2:   c1 e5 04 48 01 dd 48 39 eb 74 1a 0f 1f 00 48 8b
0x00007fb9fa1587c2:   53 08 8b 33 4c 89 e7 48 83 c3 10 e8 6e 16 0e 00
0x00007fb9fa1587d2:   48 39 dd 75 e9 48 83 c4 68 4c 89 e0 5b 5d 41 5c
0x00007fb9fa1587e2:   41 5d 41 5e 41 5f c3 0f 1f 80 00 00 00 00 41 54
0x00007fb9fa1587f2:   b8 01 01 00 00 55 48 89 fd 48 89 f7 53 48 83 ec
0x00007fb9fa158802:   30 48 8b 75 30 66 89 44 24 20 e8 ef 24 09 00 48
0x00007fb9fa158812:   8b 7d 50 48 8b 4d 30 48 89 e2 49 89 c4 4c 8b 45
0x00007fb9fa158822:   38 48 8b 07 4c 89 e6 ff 50 10 48 8b 5d 00 8b 6d
0x00007fb9fa158832:   08 48 c1 e5 04 48 01 dd 48 39 eb 74 18 90 48 8b
0x00007fb9fa158842:   53 08 8b 33 4c 89 e7 48 83 c3 10 e8 ee 15 0e 00
0x00007fb9fa158852:   48 39 dd 75 e9 48 83 c4 30 4c 89 e0 5b 5d 41 5c
0x00007fb9fa158862:   c3 66 2e 0f 1f 84 00 00 00 00 00 0f 1f 00 41 56
0x00007fb9fa158872:   41 55 49 89 f5 41 54 55 48 89 fd 53 48 83 ec 60
0x00007fb9fa158882:   48 8b 06 80 3a 00 be 01 01 00 00 4c 8b 70 18 66
0x00007fb9fa158892:   89 74 24 20 74 09 48 89 14 24 c6 44 24 20 03 48
0x00007fb9fa1588a2:   8b 7d 30 e8 d6 15 fc ff 48 89 c7 e8 4e 47 0e 00
0x00007fb9fa1588b2:   4c 89 f6 48 89 c7 e8 b3 46 01 00 be 01 00 00 00
0x00007fb9fa1588c2:   bf 40 00 00 00 89 c3 b8 01 01 00 00 66 89 44 24
0x00007fb9fa1588d2:   50 e8 a8 0a 13 00 48 8d 4c 24 30 41 89 d9 45 31
0x00007fb9fa1588e2:   c0 48 83 ec 08 48 89 c7 4c 89 ea 4c 89 f6 6a 00
0x00007fb9fa1588f2:   49 89 c4 e8 26 5d 09 00 48 8b 7d 50 48 8b 4d 30
0x00007fb9fa158902:   4c 89 e6 48 8d 54 24 10 4c 8b 45 38 48 8b 07 ff
0x00007fb9fa158912:   50 10 48 8b 5d 00 8b 6d 08 5a 59 48 c1 e5 04 48
0x00007fb9fa158922:   01 dd 48 39 eb 74 1e 0f 1f 80 00 00 00 00 48 8b
0x00007fb9fa158932:   53 08 8b 33 4c 89 e7 48 83 c3 10 e8 fe 14 0e 00
0x00007fb9fa158942:   48 39 dd 75 e9 48 83 c4 60 4c 89 e0 5b 5d 41 5c
0x00007fb9fa158952:   41 5d 41 5e c3 66 0f 1f 84 00 00 00 00 00 41 56
0x00007fb9fa158962:   49 89 d6 41 55 49 89 f5 be 01 01 00 00 41 54 55
0x00007fb9fa158972:   48 89 fd 53 48 83 ec 60 80 39 00 66 89 74 24 20 


Stack slot to memory mapping:
stack at sp + 0 slots: 0x00007fba58018000 is a thread
stack at sp + 1 slots: 0x0 is NULL
stack at sp + 2 slots: 0x00007fba58018000 is a thread
stack at sp + 3 slots: 0x00007fba5e84c299: __libc_malloc+0x00000000000001b9 in /usr/lib/x86_64-linux-gnu/libc.so.6 at 0x00007fba5e7b2000
stack at sp + 4 slots: 0x0000000000000002 is an unknown value
stack at sp + 5 slots: 0x0000000000000001 is an unknown value
stack at sp + 6 slots: 0x00007fba5845e2d0 points into unknown readable memory: 0x00007fba58000061 | 61 00 00 58 ba 7f 00 00
stack at sp + 7 slots: 0x00007fba5811e600 points into unknown readable memory: 0x00000000c64ef548 | 48 f5 4e c6 00 00 00 00


---------------  P R O C E S S  ---------------

Threads class SMR info:
_java_thread_list=0x00007fba58330b60, length=11, elements={
0x00007fba58018000, 0x00007fba58120000, 0x00007fba58122000, 0x00007fba58127800,
0x00007fba58129800, 0x00007fba5812b800, 0x00007fba5812d800, 0x00007fba5812f800,
0x00007fba5813d800, 0x00007fba582c8000, 0x00007fba5832f800
}

Java Threads: ( => current thread )
=>0x00007fba58018000 JavaThread "main" [_thread_in_native, id=6576, stack(0x00007fba5d05f000,0x00007fba5d160000)]
  0x00007fba58120000 JavaThread "Reference Handler" daemon [_thread_blocked, id=6585, stack(0x00007fba4041c000,0x00007fba4051d000)]
  0x00007fba58122000 JavaThread "Finalizer" daemon [_thread_blocked, id=6587, stack(0x00007fba4031b000,0x00007fba4041c000)]
  0x00007fba58127800 JavaThread "Signal Dispatcher" daemon [_thread_blocked, id=6590, stack(0x00007fba4021a000,0x00007fba4031b000)]
  0x00007fba58129800 JavaThread "Service Thread" daemon [_thread_blocked, id=6592, stack(0x00007fba40119000,0x00007fba4021a000)]
  0x00007fba5812b800 JavaThread "C2 CompilerThread0" daemon [_thread_in_native, id=6593, stack(0x00007fba40018000,0x00007fba40119000)]
  0x00007fba5812d800 JavaThread "C1 CompilerThread0" daemon [_thread_blocked, id=6594, stack(0x00007fba3808f000,0x00007fba38190000)]
  0x00007fba5812f800 JavaThread "Sweeper thread" daemon [_thread_blocked, id=6595, stack(0x00007fba2a921000,0x00007fba2aa22000)]
  0x00007fba5813d800 JavaThread "Common-Cleaner" daemon [_thread_blocked, id=6597, stack(0x00007fba2a820000,0x00007fba2a921000)]
  0x00007fba582c8000 JavaThread "Monitor Ctrl-Break" daemon [_thread_in_native, id=6600, stack(0x00007fba2a71f000,0x00007fba2a820000)]
  0x00007fba5832f800 JavaThread "JavaCPP Deallocator" daemon [_thread_blocked, id=6603, stack(0x00007fba2a41a000,0x00007fba2a51b000)]

Other Threads:
  0x00007fba5811d000 VMThread "VM Thread" [stack: 0x00007fba4051f000,0x00007fba4061f000] [id=6584]
  0x00007fba582c9800 WatcherThread [stack: 0x00007fba2a61f000,0x00007fba2a71f000] [id=6601]
  0x00007fba58030000 GCTaskThread "GC Thread#0" [stack: 0x00007fba5cd13000,0x00007fba5ce13000] [id=6578]
  0x00007fba20001000 GCTaskThread "GC Thread#1" [stack: 0x00007fba2a51d000,0x00007fba2a61d000] [id=6602]
  0x00007fba5804a800 ConcurrentGCThread "G1 Main Marker" [stack: 0x00007fba5c45a000,0x00007fba5c55a000] [id=6579]
  0x00007fba5804c800 ConcurrentGCThread "G1 Conc#0" [stack: 0x00007fba5c358000,0x00007fba5c458000] [id=6580]
  0x00007fba58088000 ConcurrentGCThread "G1 Refine#0" [stack: 0x00007fba5c054000,0x00007fba5c154000] [id=6582]
  0x00007fba58089800 ConcurrentGCThread "G1 Young RemSet Sampling" [stack: 0x00007fba406fd000,0x00007fba407fd000] [id=6583]

Threads with active compile tasks:
C2 CompilerThread0      882  737  s!   4       jdk.internal.loader.URLClassPath::getLoader (194 bytes)

VM state:not at safepoint (normal execution)

VM Mutex/Monitor currently owned by a thread: None

Heap address: 0x00000000c3200000, size: 974 MB, Compressed Oops mode: 32-bit
Narrow klass base: 0x0000000800000000, Narrow klass shift: 3
Compressed class space size: 1073741824 Address: 0x0000000840000000

Heap:
 garbage-first heap   total 65536K, used 16997K [0x00000000c3200000, 0x0000000100000000)
  region size 1024K, 12 young (12288K), 1 survivors (1024K)
 Metaspace       used 4076K, capacity 6551K, committed 6656K, reserved 1056768K
  class space    used 452K, capacity 695K, committed 768K, reserved 1048576K
Heap Regions: E=young(eden), S=young(survivor), O=old, HS=humongous(starts), HC=humongous(continues), CS=collection set, F=free, A=archive, TAMS=top-at-mark-start (previous, next)
|   0|0x00000000c3200000, 0x00000000c3300000, 0x00000000c3300000|100%| O|  |TAMS 0x00000000c3200000, 0x00000000c3200000| Untracked 
|   1|0x00000000c3300000, 0x00000000c3400000, 0x00000000c3400000|100%| O|  |TAMS 0x00000000c3300000, 0x00000000c3300000| Untracked 
|   2|0x00000000c3400000, 0x00000000c3500000, 0x00000000c3500000|100%| O|  |TAMS 0x00000000c3400000, 0x00000000c3400000| Untracked 
|   3|0x00000000c3500000, 0x00000000c3600000, 0x00000000c3600000|100%| O|  |TAMS 0x00000000c3500000, 0x00000000c3500000| Untracked 
|   4|0x00000000c3600000, 0x00000000c3700000, 0x00000000c3700000|100%| O|  |TAMS 0x00000000c3600000, 0x00000000c3600000| Untracked 
|   5|0x00000000c3700000, 0x00000000c379f600, 0x00000000c3800000| 62%| O|  |TAMS 0x00000000c3700000, 0x00000000c3700000| Untracked 
|   6|0x00000000c3800000, 0x00000000c3800000, 0x00000000c3900000|  0%| F|  |TAMS 0x00000000c3800000, 0x00000000c3800000| Untracked 
|   7|0x00000000c3900000, 0x00000000c3900000, 0x00000000c3a00000|  0%| F|  |TAMS 0x00000000c3900000, 0x00000000c3900000| Untracked 
|   8|0x00000000c3a00000, 0x00000000c3a00000, 0x00000000c3b00000|  0%| F|  |TAMS 0x00000000c3a00000, 0x00000000c3a00000| Untracked 
|   9|0x00000000c3b00000, 0x00000000c3b00000, 0x00000000c3c00000|  0%| F|  |TAMS 0x00000000c3b00000, 0x00000000c3b00000| Untracked 
|  10|0x00000000c3c00000, 0x00000000c3c00000, 0x00000000c3d00000|  0%| F|  |TAMS 0x00000000c3c00000, 0x00000000c3c00000| Untracked 
|  11|0x00000000c3d00000, 0x00000000c3d00000, 0x00000000c3e00000|  0%| F|  |TAMS 0x00000000c3d00000, 0x00000000c3d00000| Untracked 
|  12|0x00000000c3e00000, 0x00000000c3e00000, 0x00000000c3f00000|  0%| F|  |TAMS 0x00000000c3e00000, 0x00000000c3e00000| Untracked 
|  13|0x00000000c3f00000, 0x00000000c3f00000, 0x00000000c4000000|  0%| F|  |TAMS 0x00000000c3f00000, 0x00000000c3f00000| Untracked 
|  14|0x00000000c4000000, 0x00000000c4000000, 0x00000000c4100000|  0%| F|  |TAMS 0x00000000c4000000, 0x00000000c4000000| Untracked 
|  15|0x00000000c4100000, 0x00000000c4100000, 0x00000000c4200000|  0%| F|  |TAMS 0x00000000c4100000, 0x00000000c4100000| Untracked 
|  16|0x00000000c4200000, 0x00000000c4200000, 0x00000000c4300000|  0%| F|  |TAMS 0x00000000c4200000, 0x00000000c4200000| Untracked 
|  17|0x00000000c4300000, 0x00000000c4300000, 0x00000000c4400000|  0%| F|  |TAMS 0x00000000c4300000, 0x00000000c4300000| Untracked 
|  18|0x00000000c4400000, 0x00000000c4400000, 0x00000000c4500000|  0%| F|  |TAMS 0x00000000c4400000, 0x00000000c4400000| Untracked 
|  19|0x00000000c4500000, 0x00000000c4500000, 0x00000000c4600000|  0%| F|  |TAMS 0x00000000c4500000, 0x00000000c4500000| Untracked 
|  20|0x00000000c4600000, 0x00000000c4600000, 0x00000000c4700000|  0%| F|  |TAMS 0x00000000c4600000, 0x00000000c4600000| Untracked 
|  21|0x00000000c4700000, 0x00000000c4700000, 0x00000000c4800000|  0%| F|  |TAMS 0x00000000c4700000, 0x00000000c4700000| Untracked 
|  22|0x00000000c4800000, 0x00000000c4800000, 0x00000000c4900000|  0%| F|  |TAMS 0x00000000c4800000, 0x00000000c4800000| Untracked 
|  23|0x00000000c4900000, 0x00000000c4900000, 0x00000000c4a00000|  0%| F|  |TAMS 0x00000000c4900000, 0x00000000c4900000| Untracked 
|  24|0x00000000c4a00000, 0x00000000c4a00000, 0x00000000c4b00000|  0%| F|  |TAMS 0x00000000c4a00000, 0x00000000c4a00000| Untracked 
|  25|0x00000000c4b00000, 0x00000000c4b00000, 0x00000000c4c00000|  0%| F|  |TAMS 0x00000000c4b00000, 0x00000000c4b00000| Untracked 
|  26|0x00000000c4c00000, 0x00000000c4c00000, 0x00000000c4d00000|  0%| F|  |TAMS 0x00000000c4c00000, 0x00000000c4c00000| Untracked 
|  27|0x00000000c4d00000, 0x00000000c4d00000, 0x00000000c4e00000|  0%| F|  |TAMS 0x00000000c4d00000, 0x00000000c4d00000| Untracked 
|  28|0x00000000c4e00000, 0x00000000c4e00000, 0x00000000c4f00000|  0%| F|  |TAMS 0x00000000c4e00000, 0x00000000c4e00000| Untracked 
|  29|0x00000000c4f00000, 0x00000000c4f00000, 0x00000000c5000000|  0%| F|  |TAMS 0x00000000c4f00000, 0x00000000c4f00000| Untracked 
|  30|0x00000000c5000000, 0x00000000c5000000, 0x00000000c5100000|  0%| F|  |TAMS 0x00000000c5000000, 0x00000000c5000000| Untracked 
|  31|0x00000000c5100000, 0x00000000c5100000, 0x00000000c5200000|  0%| F|  |TAMS 0x00000000c5100000, 0x00000000c5100000| Untracked 
|  32|0x00000000c5200000, 0x00000000c5200000, 0x00000000c5300000|  0%| F|  |TAMS 0x00000000c5200000, 0x00000000c5200000| Untracked 
|  33|0x00000000c5300000, 0x00000000c5300000, 0x00000000c5400000|  0%| F|  |TAMS 0x00000000c5300000, 0x00000000c5300000| Untracked 
|  34|0x00000000c5400000, 0x00000000c5400000, 0x00000000c5500000|  0%| F|  |TAMS 0x00000000c5400000, 0x00000000c5400000| Untracked 
|  35|0x00000000c5500000, 0x00000000c5500000, 0x00000000c5600000|  0%| F|  |TAMS 0x00000000c5500000, 0x00000000c5500000| Untracked 
|  36|0x00000000c5600000, 0x00000000c5600000, 0x00000000c5700000|  0%| F|  |TAMS 0x00000000c5600000, 0x00000000c5600000| Untracked 
|  37|0x00000000c5700000, 0x00000000c5700000, 0x00000000c5800000|  0%| F|  |TAMS 0x00000000c5700000, 0x00000000c5700000| Untracked 
|  38|0x00000000c5800000, 0x00000000c5800000, 0x00000000c5900000|  0%| F|  |TAMS 0x00000000c5800000, 0x00000000c5800000| Untracked 
|  39|0x00000000c5900000, 0x00000000c5900000, 0x00000000c5a00000|  0%| F|  |TAMS 0x00000000c5900000, 0x00000000c5900000| Untracked 
|  40|0x00000000c5a00000, 0x00000000c5a00000, 0x00000000c5b00000|  0%| F|  |TAMS 0x00000000c5a00000, 0x00000000c5a00000| Untracked 
|  41|0x00000000c5b00000, 0x00000000c5b00000, 0x00000000c5c00000|  0%| F|  |TAMS 0x00000000c5b00000, 0x00000000c5b00000| Untracked 
|  42|0x00000000c5c00000, 0x00000000c5c00000, 0x00000000c5d00000|  0%| F|  |TAMS 0x00000000c5c00000, 0x00000000c5c00000| Untracked 
|  43|0x00000000c5d00000, 0x00000000c5d00000, 0x00000000c5e00000|  0%| F|  |TAMS 0x00000000c5d00000, 0x00000000c5d00000| Untracked 
|  44|0x00000000c5e00000, 0x00000000c5e00000, 0x00000000c5f00000|  0%| F|  |TAMS 0x00000000c5e00000, 0x00000000c5e00000| Untracked 
|  45|0x00000000c5f00000, 0x00000000c5f00000, 0x00000000c6000000|  0%| F|  |TAMS 0x00000000c5f00000, 0x00000000c5f00000| Untracked 
|  46|0x00000000c6000000, 0x00000000c6000000, 0x00000000c6100000|  0%| F|  |TAMS 0x00000000c6000000, 0x00000000c6000000| Untracked 
|  47|0x00000000c6100000, 0x00000000c6100000, 0x00000000c6200000|  0%| F|  |TAMS 0x00000000c6100000, 0x00000000c6100000| Untracked 
|  48|0x00000000c6200000, 0x00000000c6200000, 0x00000000c6300000|  0%| F|  |TAMS 0x00000000c6200000, 0x00000000c6200000| Untracked 
|  49|0x00000000c6300000, 0x00000000c6300000, 0x00000000c6400000|  0%| F|  |TAMS 0x00000000c6300000, 0x00000000c6300000| Untracked 
|  50|0x00000000c6400000, 0x00000000c6500000, 0x00000000c6500000|100%| E|  |TAMS 0x00000000c6400000, 0x00000000c6400000| Complete 
|  51|0x00000000c6500000, 0x00000000c6600000, 0x00000000c6600000|100%| E|CS|TAMS 0x00000000c6500000, 0x00000000c6500000| Complete 
|  52|0x00000000c6600000, 0x00000000c6700000, 0x00000000c6700000|100%| E|CS|TAMS 0x00000000c6600000, 0x00000000c6600000| Complete 
|  53|0x00000000c6700000, 0x00000000c6800000, 0x00000000c6800000|100%| E|CS|TAMS 0x00000000c6700000, 0x00000000c6700000| Complete 
|  54|0x00000000c6800000, 0x00000000c6900000, 0x00000000c6900000|100%| E|CS|TAMS 0x00000000c6800000, 0x00000000c6800000| Complete 
|  55|0x00000000c6900000, 0x00000000c6a00000, 0x00000000c6a00000|100%| E|CS|TAMS 0x00000000c6900000, 0x00000000c6900000| Complete 
|  56|0x00000000c6a00000, 0x00000000c6b00000, 0x00000000c6b00000|100%| E|CS|TAMS 0x00000000c6a00000, 0x00000000c6a00000| Complete 
|  57|0x00000000c6b00000, 0x00000000c6c00000, 0x00000000c6c00000|100%| E|CS|TAMS 0x00000000c6b00000, 0x00000000c6b00000| Complete 
|  58|0x00000000c6c00000, 0x00000000c6c47078, 0x00000000c6d00000| 27%| S|CS|TAMS 0x00000000c6c00000, 0x00000000c6c00000| Complete 
|  59|0x00000000c6d00000, 0x00000000c6e00000, 0x00000000c6e00000|100%| E|CS|TAMS 0x00000000c6d00000, 0x00000000c6d00000| Complete 
|  60|0x00000000c6e00000, 0x00000000c6f00000, 0x00000000c6f00000|100%| E|CS|TAMS 0x00000000c6e00000, 0x00000000c6e00000| Complete 
|  61|0x00000000c6f00000, 0x00000000c7000000, 0x00000000c7000000|100%| E|CS|TAMS 0x00000000c6f00000, 0x00000000c6f00000| Complete 
| 972|0x00000000ffe00000, 0x00000000ffe48000, 0x00000000fff00000| 28%|OA|  |TAMS 0x00000000ffe00000, 0x00000000ffe00000| Untracked 
| 973|0x00000000fff00000, 0x00000000fff6b000, 0x0000000100000000| 41%|CA|  |TAMS 0x00000000fff00000, 0x00000000fff00000| Untracked 

Card table byte_map: [0x00007fba5c741000,0x00007fba5c928000] _byte_map_base: 0x00007fba5c128000

Marking Bits (Prev, Next): (CMBitMap*) 0x00007fba58045fe8, (CMBitMap*) 0x00007fba58046020
 Prev Bits: [0x00007fba3b0c8000, 0x00007fba3c000000)
 Next Bits: [0x00007fba3a190000, 0x00007fba3b0c8000)

Polling page: 0x00007fba5e9a4000

Metaspace:

Usage:
  Non-class:      5.72 MB capacity,     3.54 MB ( 62%) used,     2.17 MB ( 38%) free+waste,     6.94 KB ( <1%) overhead. 
      Class:    695.00 KB capacity,   452.60 KB ( 65%) used,   238.65 KB ( 34%) free+waste,     3.75 KB ( <1%) overhead. 
       Both:      6.40 MB capacity,     3.98 MB ( 62%) used,     2.41 MB ( 38%) free+waste,    10.69 KB ( <1%) overhead. 

Virtual space:
  Non-class space:        8.00 MB reserved,       5.75 MB ( 72%) committed 
      Class space:        1.00 GB reserved,     768.00 KB ( <1%) committed 
             Both:        1.01 GB reserved,       6.50 MB ( <1%) committed 

Chunk freelists:
   Non-Class:  32.00 KB
       Class:  9.00 KB
        Both:  41.00 KB

MaxMetaspaceSize: unlimited
CompressedClassSpaceSize: 1.00 GB
Initial GC threshold: 20.80 MB
Current GC threshold: 20.80 MB
CDS: on

CodeHeap 'non-profiled nmethods': size=120036Kb used=252Kb max_used=252Kb free=119783Kb
 bounds [0x00007fba482c4000, 0x00007fba48534000, 0x00007fba4f7fd000]
CodeHeap 'profiled nmethods': size=120032Kb used=1465Kb max_used=1465Kb free=118566Kb
 bounds [0x00007fba40d8c000, 0x00007fba40ffc000, 0x00007fba482c4000]
CodeHeap 'non-nmethods': size=5692Kb used=1151Kb max_used=1169Kb free=4540Kb
 bounds [0x00007fba407fd000, 0x00007fba40a6d000, 0x00007fba40d8c000]
 total_blobs=1232 nmethods=823 adapters=323
 compilation: enabled
              stopped_count=0, restarted_count=0
 full_count=0

Compilation events (20 events):
Event: 0.863 Thread 0x00007fba5812d800  810   !   3       java.lang.invoke.MemberName$Factory::resolve (157 bytes)
Event: 0.864 Thread 0x00007fba5812d800 nmethod 810 0x00007fba40eeb710 code [0x00007fba40eeb940, 0x00007fba40eec000]
Event: 0.864 Thread 0x00007fba5812d800  812       3       java.util.ImmutableCollections$ListN::size (6 bytes)
Event: 0.864 Thread 0x00007fba5812d800 nmethod 812 0x00007fba40eec310 code [0x00007fba40eec4c0, 0x00007fba40eec5f0]
Event: 0.864 Thread 0x00007fba5812d800  814       1       java.lang.invoke.LambdaForm$Name::type (5 bytes)
Event: 0.864 Thread 0x00007fba5812d800 nmethod 814 0x00007fba482ff390 code [0x00007fba482ff540, 0x00007fba482ff610]
Event: 0.864 Thread 0x00007fba5812d800  815       3       java.lang.invoke.LambdaForm$Name::useCount (42 bytes)
Event: 0.865 Thread 0x00007fba5812d800 nmethod 815 0x00007fba40eec690 code [0x00007fba40eec860, 0x00007fba40eecb70]
Event: 0.865 Thread 0x00007fba5812d800  816       3       jdk.internal.org.objectweb.asm.Frame::execute (2264 bytes)
Event: 0.871 Thread 0x00007fba5812d800 nmethod 816 0x00007fba40eecc90 code [0x00007fba40eedb20, 0x00007fba40ef47f0]
Event: 0.872 Thread 0x00007fba5812d800  819       3       java.lang.invoke.LambdaForm$Name::<init> (44 bytes)
Event: 0.872 Thread 0x00007fba5812d800 nmethod 819 0x00007fba40ef6690 code [0x00007fba40ef68c0, 0x00007fba40ef6ea0]
Event: 0.872 Thread 0x00007fba5812d800  818       3       java.lang.invoke.MethodType::insertParameterTypes (121 bytes)
Event: 0.872 Thread 0x00007fba5812b800 nmethod 721 0x00007fba482ffc90 code [0x00007fba482fff00, 0x00007fba48301bd0]
Event: 0.873 Thread 0x00007fba5812b800  737  s!   4       jdk.internal.loader.URLClassPath::getLoader (194 bytes)
Event: 0.873 Thread 0x00007fba5812d800 nmethod 818 0x00007fba40ef7190 code [0x00007fba40ef7480, 0x00007fba40ef8310]
Event: 0.876 Thread 0x00007fba5812d800  825       3       java.lang.invoke.InvokerBytecodeGenerator::emitImplicitConversion (159 bytes)
Event: 0.877 Thread 0x00007fba5812d800 nmethod 825 0x00007fba40ef8890 code [0x00007fba40ef8be0, 0x00007fba40ef9c90]
Event: 0.877 Thread 0x00007fba5812d800  824       3       jdk.internal.org.objectweb.asm.ByteVector::put11 (52 bytes)
Event: 0.877 Thread 0x00007fba5812d800 nmethod 824 0x00007fba40efa210 code [0x00007fba40efa3e0, 0x00007fba40efa600]

GC Heap History (4 events):
Event: 0.415 GC heap before
{Heap before GC invocations=0 (full 0):
 garbage-first heap   total 65536K, used 6860K [0x00000000c3200000, 0x0000000100000000)
  region size 1024K, 7 young (7168K), 0 survivors (0K)
 Metaspace       used 1233K, capacity 4702K, committed 4864K, reserved 1056768K
  class space    used 117K, capacity 439K, committed 512K, reserved 1048576K
}
Event: 0.432 GC heap after
{Heap after GC invocations=1 (full 0):
 garbage-first heap   total 65536K, used 6169K [0x00000000c3200000, 0x0000000100000000)
  region size 1024K, 1 young (1024K), 1 survivors (1024K)
 Metaspace       used 1233K, capacity 4702K, committed 4864K, reserved 1056768K
  class space    used 117K, capacity 439K, committed 512K, reserved 1048576K
}
Event: 0.596 GC heap before
{Heap before GC invocations=1 (full 0):
 garbage-first heap   total 65536K, used 8217K [0x00000000c3200000, 0x0000000100000000)
  region size 1024K, 4 young (4096K), 1 survivors (1024K)
 Metaspace       used 2520K, capacity 5759K, committed 6016K, reserved 1056768K
  class space    used 285K, capacity 579K, committed 640K, reserved 1048576K
}
Event: 0.611 GC heap after
{Heap after GC invocations=2 (full 0):
 garbage-first heap   total 65536K, used 6757K [0x00000000c3200000, 0x0000000100000000)
  region size 1024K, 1 young (1024K), 1 survivors (1024K)
 Metaspace       used 2520K, capacity 5759K, committed 6016K, reserved 1056768K
  class space    used 285K, capacity 579K, committed 640K, reserved 1048576K
}

Deoptimization events (20 events):
Event: 0.620 Thread 0x00007fba58018000 Uncommon trap: trap_request=0xffffffbe fr.pc=0x00007fba482df5f4 relative=0x00000000000003b4
Event: 0.620 Thread 0x00007fba58018000 Uncommon trap: reason=profile_predicate action=maybe_recompile pc=0x00007fba482df5f4 method=java.lang.StringLatin1.indexOf([BI[BII)I @ 18 c2
Event: 0.620 Thread 0x00007fba58018000 DEOPT PACKING pc=0x00007fba482df5f4 sp=0x00007fba5d15d190
Event: 0.620 Thread 0x00007fba58018000 DEOPT UNPACKING pc=0x00007fba40846ea5 sp=0x00007fba5d15d138 mode 2
Event: 0.844 Thread 0x00007fba58018000 Uncommon trap: trap_request=0xffffffc6 fr.pc=0x00007fba482ce524 relative=0x0000000000000084
Event: 0.844 Thread 0x00007fba58018000 Uncommon trap: reason=bimorphic_or_optimized_type_check action=maybe_recompile pc=0x00007fba482ce524 method=java.util.AbstractCollection.isEmpty()Z @ 1 c2
Event: 0.844 Thread 0x00007fba58018000 DEOPT PACKING pc=0x00007fba482ce524 sp=0x00007fba5d15d370
Event: 0.844 Thread 0x00007fba58018000 DEOPT UNPACKING pc=0x00007fba40846ea5 sp=0x00007fba5d15d320 mode 2
Event: 0.844 Thread 0x00007fba58018000 Uncommon trap: trap_request=0xffffffc6 fr.pc=0x00007fba482ce524 relative=0x0000000000000084
Event: 0.844 Thread 0x00007fba58018000 Uncommon trap: reason=bimorphic_or_optimized_type_check action=maybe_recompile pc=0x00007fba482ce524 method=java.util.AbstractCollection.isEmpty()Z @ 1 c2
Event: 0.844 Thread 0x00007fba58018000 DEOPT PACKING pc=0x00007fba482ce524 sp=0x00007fba5d15d540
Event: 0.844 Thread 0x00007fba58018000 DEOPT UNPACKING pc=0x00007fba40846ea5 sp=0x00007fba5d15d4f0 mode 2
Event: 0.846 Thread 0x00007fba58018000 Uncommon trap: trap_request=0xffffffc6 fr.pc=0x00007fba482ce524 relative=0x0000000000000084
Event: 0.846 Thread 0x00007fba58018000 Uncommon trap: reason=bimorphic_or_optimized_type_check action=maybe_recompile pc=0x00007fba482ce524 method=java.util.AbstractCollection.isEmpty()Z @ 1 c2
Event: 0.846 Thread 0x00007fba58018000 DEOPT PACKING pc=0x00007fba482ce524 sp=0x00007fba5d15d560
Event: 0.846 Thread 0x00007fba58018000 DEOPT UNPACKING pc=0x00007fba40846ea5 sp=0x00007fba5d15d510 mode 2
Event: 0.847 Thread 0x00007fba58018000 Uncommon trap: trap_request=0xffffffc6 fr.pc=0x00007fba482ce524 relative=0x0000000000000084
Event: 0.847 Thread 0x00007fba58018000 Uncommon trap: reason=bimorphic_or_optimized_type_check action=maybe_recompile pc=0x00007fba482ce524 method=java.util.AbstractCollection.isEmpty()Z @ 1 c2
Event: 0.847 Thread 0x00007fba58018000 DEOPT PACKING pc=0x00007fba482ce524 sp=0x00007fba5d15d370
Event: 0.847 Thread 0x00007fba58018000 DEOPT UNPACKING pc=0x00007fba40846ea5 sp=0x00007fba5d15d320 mode 2

Classes redefined (0 events):
No events

Internal exceptions (20 events):
Event: 0.254 Thread 0x00007fba58018000 Exception <a 'java/security/PrivilegedActionException'{0x00000000c6e6dce0}> (0x00000000c6e6dce0) thrown at [src/hotspot/share/prims/jvm.cpp, line 1304]
Event: 0.254 Thread 0x00007fba58018000 Exception <a 'java/security/PrivilegedActionException'{0x00000000c6e6dfb0}> (0x00000000c6e6dfb0) thrown at [src/hotspot/share/prims/jvm.cpp, line 1304]
Event: 0.255 Thread 0x00007fba58018000 Exception <a 'java/security/PrivilegedActionException'{0x00000000c6e6ea78}> (0x00000000c6e6ea78) thrown at [src/hotspot/share/prims/jvm.cpp, line 1304]
Event: 0.255 Thread 0x00007fba58018000 Exception <a 'java/security/PrivilegedActionException'{0x00000000c6e6ed48}> (0x00000000c6e6ed48) thrown at [src/hotspot/share/prims/jvm.cpp, line 1304]
Event: 0.255 Thread 0x00007fba58018000 Exception <a 'java/security/PrivilegedActionException'{0x00000000c6e6f818}> (0x00000000c6e6f818) thrown at [src/hotspot/share/prims/jvm.cpp, line 1304]
Event: 0.255 Thread 0x00007fba58018000 Exception <a 'java/security/PrivilegedActionException'{0x00000000c6e6fae8}> (0x00000000c6e6fae8) thrown at [src/hotspot/share/prims/jvm.cpp, line 1304]
Event: 0.255 Thread 0x00007fba58018000 Exception <a 'java/security/PrivilegedActionException'{0x00000000c6e705b8}> (0x00000000c6e705b8) thrown at [src/hotspot/share/prims/jvm.cpp, line 1304]
Event: 0.255 Thread 0x00007fba58018000 Exception <a 'java/security/PrivilegedActionException'{0x00000000c6e70888}> (0x00000000c6e70888) thrown at [src/hotspot/share/prims/jvm.cpp, line 1304]
Event: 0.255 Thread 0x00007fba58018000 Exception <a 'java/security/PrivilegedActionException'{0x00000000c6e71378}> (0x00000000c6e71378) thrown at [src/hotspot/share/prims/jvm.cpp, line 1304]
Event: 0.255 Thread 0x00007fba58018000 Exception <a 'java/security/PrivilegedActionException'{0x00000000c6e71648}> (0x00000000c6e71648) thrown at [src/hotspot/share/prims/jvm.cpp, line 1304]
Event: 0.255 Thread 0x00007fba58018000 Exception <a 'java/security/PrivilegedActionException'{0x00000000c6e72118}> (0x00000000c6e72118) thrown at [src/hotspot/share/prims/jvm.cpp, line 1304]
Event: 0.255 Thread 0x00007fba58018000 Exception <a 'java/security/PrivilegedActionException'{0x00000000c6e723e8}> (0x00000000c6e723e8) thrown at [src/hotspot/share/prims/jvm.cpp, line 1304]
Event: 0.255 Thread 0x00007fba58018000 Exception <a 'java/security/PrivilegedActionException'{0x00000000c6e72ee0}> (0x00000000c6e72ee0) thrown at [src/hotspot/share/prims/jvm.cpp, line 1304]
Event: 0.255 Thread 0x00007fba58018000 Exception <a 'java/security/PrivilegedActionException'{0x00000000c6e731b0}> (0x00000000c6e731b0) thrown at [src/hotspot/share/prims/jvm.cpp, line 1304]
Event: 0.306 Thread 0x00007fba58018000 Exception <a 'java/security/PrivilegedActionException'{0x00000000c6efb9c0}> (0x00000000c6efb9c0) thrown at [src/hotspot/share/prims/jvm.cpp, line 1304]
Event: 0.306 Thread 0x00007fba58018000 Exception <a 'java/security/PrivilegedActionException'{0x00000000c6efbc90}> (0x00000000c6efbc90) thrown at [src/hotspot/share/prims/jvm.cpp, line 1304]
Event: 0.587 Thread 0x00007fba58018000 Exception <a 'java/lang/NoSuchMethodError'{0x00000000c6ddfb70}: 'int java.lang.invoke.DirectMethodHandle$Holder.invokeStaticInit(java.lang.Object, java.lang.Object, java.lang.Object, java.lang.Object)'> (0x00000000c6ddfb70) thrown at [src/hotspot/share/interpreter/linkResolver.cpp, line 772]
Event: 0.589 Thread 0x00007fba58018000 Exception <a 'java/lang/IncompatibleClassChangeError'{0x00000000c6de9cb8}: Found class java.lang.Object, but interface was expected> (0x00000000c6de9cb8) thrown at [src/hotspot/share/interpreter/linkResolver.cpp, line 839]
Event: 0.590 Thread 0x00007fba58018000 Exception <a 'java/lang/NoSuchMethodError'{0x00000000c6dece68}: 'void java.lang.invoke.DirectMethodHandle$Holder.invokeStaticInit(java.lang.Object, java.lang.Object)'> (0x00000000c6dece68) thrown at [src/hotspot/share/interpreter/linkResolver.cpp, line 772]
Event: 0.591 Thread 0x00007fba58018000 Exception <a 'java/lang/NoSuchMethodError'{0x00000000c6df22d8}: 'int java.lang.invoke.DirectMethodHandle$Holder.invokeStaticInit(java.lang.Object, java.lang.Object)'> (0x00000000c6df22d8) thrown at [src/hotspot/share/interpreter/linkResolver.cpp, line 772]

Events (20 events):
Event: 0.847 loading class java/lang/invoke/BoundMethodHandle$Species_LLL
Event: 0.847 loading class java/lang/invoke/BoundMethodHandle$Species_LLL done
Event: 0.849 loading class java/lang/invoke/BoundMethodHandle$Species_LLLL
Event: 0.849 loading class java/lang/invoke/BoundMethodHandle$Species_LLLL done
Event: 0.854 loading class java/lang/invoke/BoundMethodHandle$Species_LLLLL
Event: 0.854 loading class java/lang/invoke/BoundMethodHandle$Species_LLLLL done
Event: 0.860 loading class java/lang/invoke/BoundMethodHandle$Species_LLLLLL
Event: 0.860 loading class java/lang/invoke/BoundMethodHandle$Species_LLLLLL done
Event: 0.862 loading class java/lang/invoke/BoundMethodHandle$Species_LLLLLLI
Event: 0.862 loading class java/lang/invoke/BoundMethodHandle$Species_LLLLLLI done
Event: 0.869 loading class java/lang/invoke/BoundMethodHandle$Species_LLLLLLII
Event: 0.869 loading class java/lang/invoke/BoundMethodHandle$Species_LLLLLLII done
Event: 0.873 loading class java/lang/invoke/BoundMethodHandle$Species_LLLLLLIIL
Event: 0.873 loading class java/lang/invoke/BoundMethodHandle$Species_LLLLLLIIL done
Event: 0.875 loading class symtable/FunctionSymbol
Event: 0.875 loading class symtable/FunctionSymbol done
Event: 0.875 loading class symtable/Symbol
Event: 0.875 loading class symtable/Symbol done
Event: 0.875 loading class symtable/BaseScope
Event: 0.875 loading class symtable/BaseScope done


Dynamic libraries:
c3200000-c7000000 rw-p 00000000 00:00 0 
c7000000-ffe00000 ---p 00000000 00:00 0 
ffe00000-ffe48000 rw-p 00b0a000 08:05 394197                             /usr/lib/jvm/java-11-openjdk-amd64/lib/server/classes.jsa
ffe48000-fff00000 rw-p 00000000 00:00 0 
fff00000-fff6b000 rw-p 00a9f000 08:05 394197                             /usr/lib/jvm/java-11-openjdk-amd64/lib/server/classes.jsa
fff6b000-100000000 rw-p 00000000 00:00 0 
800000000-800002000 rwxp 00001000 08:05 394197                           /usr/lib/jvm/java-11-openjdk-amd64/lib/server/classes.jsa
800002000-8003cc000 rw-p 00003000 08:05 394197                           /usr/lib/jvm/java-11-openjdk-amd64/lib/server/classes.jsa
8003cc000-800a9d000 r--p 003cd000 08:05 394197                           /usr/lib/jvm/java-11-openjdk-amd64/lib/server/classes.jsa
800a9d000-800a9e000 rw-p 00a9e000 08:05 394197                           /usr/lib/jvm/java-11-openjdk-amd64/lib/server/classes.jsa
840000000-8400c0000 rw-p 00000000 00:00 0 
8400c0000-880000000 ---p 00000000 00:00 0 
55c4bf772000-55c4bf773000 r--p 00000000 08:05 421038                     /usr/lib/jvm/java-11-openjdk-amd64/bin/java
55c4bf773000-55c4bf774000 r-xp 00001000 08:05 421038                     /usr/lib/jvm/java-11-openjdk-amd64/bin/java
55c4bf774000-55c4bf775000 r--p 00002000 08:05 421038                     /usr/lib/jvm/java-11-openjdk-amd64/bin/java
55c4bf775000-55c4bf776000 r--p 00002000 08:05 421038                     /usr/lib/jvm/java-11-openjdk-amd64/bin/java
55c4bf776000-55c4bf777000 rw-p 00003000 08:05 421038                     /usr/lib/jvm/java-11-openjdk-amd64/bin/java
55c4c0cee000-55c4c0d30000 rw-p 00000000 00:00 0                          [heap]
7fb9f952c000-7fb9f9e52000 r--p 00000000 08:05 1445608                    /root/.javacpp/cache/llvm-13.0.1-1.5.7-linux-x86_64.jar/org/bytedeco/llvm/linux-x86_64/libLLVM-13.so
7fb9f9e52000-7fb9fd815000 r-xp 00926000 08:05 1445608                    /root/.javacpp/cache/llvm-13.0.1-1.5.7-linux-x86_64.jar/org/bytedeco/llvm/linux-x86_64/libLLVM-13.so
7fb9fd815000-7fb9ffa6a000 r--p 042e9000 08:05 1445608                    /root/.javacpp/cache/llvm-13.0.1-1.5.7-linux-x86_64.jar/org/bytedeco/llvm/linux-x86_64/libLLVM-13.so
7fb9ffa6a000-7fb9fff7f000 r--p 0653d000 08:05 1445608                    /root/.javacpp/cache/llvm-13.0.1-1.5.7-linux-x86_64.jar/org/bytedeco/llvm/linux-x86_64/libLLVM-13.so
7fb9fff7f000-7fb9fff8a000 rw-p 06a52000 08:05 1445608                    /root/.javacpp/cache/llvm-13.0.1-1.5.7-linux-x86_64.jar/org/bytedeco/llvm/linux-x86_64/libLLVM-13.so
7fb9fff8a000-7fba00000000 rw-p 00000000 00:00 0 
7fba00000000-7fba00021000 rw-p 00000000 00:00 0 
7fba00021000-7fba04000000 ---p 00000000 00:00 0 
7fba04000000-7fba04021000 rw-p 00000000 00:00 0 
7fba04021000-7fba08000000 ---p 00000000 00:00 0 
7fba08000000-7fba0824b000 rw-p 00000000 00:00 0 
7fba0824b000-7fba0c000000 ---p 00000000 00:00 0 
7fba0c000000-7fba0c55b000 rw-p 00000000 00:00 0 
7fba0c55b000-7fba10000000 ---p 00000000 00:00 0 
7fba10000000-7fba10021000 rw-p 00000000 00:00 0 
7fba10021000-7fba14000000 ---p 00000000 00:00 0 
7fba14000000-7fba14021000 rw-p 00000000 00:00 0 
7fba14021000-7fba18000000 ---p 00000000 00:00 0 
7fba18000000-7fba18021000 rw-p 00000000 00:00 0 
7fba18021000-7fba1c000000 ---p 00000000 00:00 0 
7fba1c000000-7fba1c021000 rw-p 00000000 00:00 0 
7fba1c021000-7fba20000000 ---p 00000000 00:00 0 
7fba20000000-7fba20021000 rw-p 00000000 00:00 0 
7fba20021000-7fba24000000 ---p 00000000 00:00 0 
7fba24000000-7fba24021000 rw-p 00000000 00:00 0 
7fba24021000-7fba28000000 ---p 00000000 00:00 0 
7fba2a314000-7fba2a379000 r--p 00000000 08:05 1445613                    /root/.javacpp/cache/llvm-13.0.1-1.5.7-linux-x86_64.jar/org/bytedeco/llvm/linux-x86_64/libjniLLVM.so
7fba2a379000-7fba2a3e7000 r-xp 00065000 08:05 1445613                    /root/.javacpp/cache/llvm-13.0.1-1.5.7-linux-x86_64.jar/org/bytedeco/llvm/linux-x86_64/libjniLLVM.so
7fba2a3e7000-7fba2a412000 r--p 000d3000 08:05 1445613                    /root/.javacpp/cache/llvm-13.0.1-1.5.7-linux-x86_64.jar/org/bytedeco/llvm/linux-x86_64/libjniLLVM.so
7fba2a412000-7fba2a415000 r--p 000fd000 08:05 1445613                    /root/.javacpp/cache/llvm-13.0.1-1.5.7-linux-x86_64.jar/org/bytedeco/llvm/linux-x86_64/libjniLLVM.so
7fba2a415000-7fba2a418000 rw-p 00100000 08:05 1445613                    /root/.javacpp/cache/llvm-13.0.1-1.5.7-linux-x86_64.jar/org/bytedeco/llvm/linux-x86_64/libjniLLVM.so
7fba2a418000-7fba2a41a000 rw-p 00000000 00:00 0 
7fba2a41a000-7fba2a41e000 ---p 00000000 00:00 0 
7fba2a41e000-7fba2a51b000 rw-p 00000000 00:00 0 
7fba2a51b000-7fba2a51c000 ---p 00000000 00:00 0 
7fba2a51c000-7fba2a61d000 rw-p 00000000 00:00 0 
7fba2a61d000-7fba2a61e000 ---p 00000000 00:00 0 
7fba2a61e000-7fba2a71f000 rw-p 00000000 00:00 0 
7fba2a71f000-7fba2a723000 ---p 00000000 00:00 0 
7fba2a723000-7fba2a820000 rw-p 00000000 00:00 0 
7fba2a820000-7fba2a824000 ---p 00000000 00:00 0 
7fba2a824000-7fba2a921000 rw-p 00000000 00:00 0 
7fba2a921000-7fba2a925000 ---p 00000000 00:00 0 
7fba2a925000-7fba2aa22000 rw-p 00000000 00:00 0 
7fba2aa22000-7fba2b800000 r--p 00000000 08:05 399059                     /usr/lib/locale/locale-archive
7fba2b800000-7fba2bdc0000 rw-p 00000000 00:00 0 
7fba2bdc0000-7fba2c000000 ---p 00000000 00:00 0 
7fba2c000000-7fba2c021000 rw-p 00000000 00:00 0 
7fba2c021000-7fba30000000 ---p 00000000 00:00 0 
7fba30000000-7fba30021000 rw-p 00000000 00:00 0 
7fba30021000-7fba34000000 ---p 00000000 00:00 0 
7fba34000000-7fba34021000 rw-p 00000000 00:00 0 
7fba34021000-7fba38000000 ---p 00000000 00:00 0 
7fba3808f000-7fba38093000 ---p 00000000 00:00 0 
7fba38093000-7fba3a288000 rw-p 00000000 00:00 0 
7fba3a288000-7fba3b0c0000 ---p 00000000 00:00 0 
7fba3b0c0000-7fba3b1c0000 rw-p 00000000 00:00 0 
7fba3b1c0000-7fba3bff8000 ---p 00000000 00:00 0 
7fba3bff8000-7fba3c000000 rw-p 00000000 00:00 0 
7fba3c000000-7fba3c021000 rw-p 00000000 00:00 0 
7fba3c021000-7fba40000000 ---p 00000000 00:00 0 
7fba40005000-7fba4000c000 r--p 00000000 08:05 1445609                    /root/.javacpp/cache/llvm-13.0.1-1.5.7-linux-x86_64.jar/org/bytedeco/llvm/linux-x86_64/libLTO.so.13
7fba4000c000-7fba40014000 r-xp 00007000 08:05 1445609                    /root/.javacpp/cache/llvm-13.0.1-1.5.7-linux-x86_64.jar/org/bytedeco/llvm/linux-x86_64/libLTO.so.13
7fba40014000-7fba40016000 r--p 0000f000 08:05 1445609                    /root/.javacpp/cache/llvm-13.0.1-1.5.7-linux-x86_64.jar/org/bytedeco/llvm/linux-x86_64/libLTO.so.13
7fba40016000-7fba40017000 r--p 00010000 08:05 1445609                    /root/.javacpp/cache/llvm-13.0.1-1.5.7-linux-x86_64.jar/org/bytedeco/llvm/linux-x86_64/libLTO.so.13
7fba40017000-7fba40018000 rw-p 00011000 08:05 1445609                    /root/.javacpp/cache/llvm-13.0.1-1.5.7-linux-x86_64.jar/org/bytedeco/llvm/linux-x86_64/libLTO.so.13
7fba40018000-7fba4001c000 ---p 00000000 00:00 0 
7fba4001c000-7fba40119000 rw-p 00000000 00:00 0 
7fba40119000-7fba4011d000 ---p 00000000 00:00 0 
7fba4011d000-7fba4021a000 rw-p 00000000 00:00 0 
7fba4021a000-7fba4021e000 ---p 00000000 00:00 0 
7fba4021e000-7fba4031b000 rw-p 00000000 00:00 0 
7fba4031b000-7fba4031f000 ---p 00000000 00:00 0 
7fba4031f000-7fba4041c000 rw-p 00000000 00:00 0 
7fba4041c000-7fba40420000 ---p 00000000 00:00 0 
7fba40420000-7fba4051d000 rw-p 00000000 00:00 0 
7fba4051d000-7fba4051e000 ---p 00000000 00:00 0 
7fba4051e000-7fba406fb000 rw-p 00000000 00:00 0 
7fba406fb000-7fba406fc000 ---p 00000000 00:00 0 
7fba406fc000-7fba407fd000 rw-p 00000000 00:00 0 
7fba407fd000-7fba40a6d000 rwxp 00000000 00:00 0 
7fba40a6d000-7fba40d8c000 ---p 00000000 00:00 0 
7fba40d8c000-7fba40ffc000 rwxp 00000000 00:00 0 
7fba40ffc000-7fba482c4000 ---p 00000000 00:00 0 
7fba482c4000-7fba48534000 rwxp 00000000 00:00 0 
7fba48534000-7fba4f7fd000 ---p 00000000 00:00 0 
7fba4f7fd000-7fba58000000 r--s 00000000 08:05 421122                     /usr/lib/jvm/java-11-openjdk-amd64/lib/modules
7fba58000000-7fba5846a000 rw-p 00000000 00:00 0 
7fba5846a000-7fba5c000000 ---p 00000000 00:00 0 
7fba5c004000-7fba5c00b000 r--s 00000000 08:05 790815                     /usr/lib/x86_64-linux-gnu/gconv/gconv-modules.cache
7fba5c00b000-7fba5c00c000 r--p 00000000 08:05 1445611                    /root/.javacpp/cache/llvm-13.0.1-1.5.7-linux-x86_64.jar/org/bytedeco/llvm/linux-x86_64/libRemarks.so.13
7fba5c00c000-7fba5c00d000 r-xp 00001000 08:05 1445611                    /root/.javacpp/cache/llvm-13.0.1-1.5.7-linux-x86_64.jar/org/bytedeco/llvm/linux-x86_64/libRemarks.so.13
7fba5c00d000-7fba5c00e000 r--p 00002000 08:05 1445611                    /root/.javacpp/cache/llvm-13.0.1-1.5.7-linux-x86_64.jar/org/bytedeco/llvm/linux-x86_64/libRemarks.so.13
7fba5c00e000-7fba5c00f000 r--p 00002000 08:05 1445611                    /root/.javacpp/cache/llvm-13.0.1-1.5.7-linux-x86_64.jar/org/bytedeco/llvm/linux-x86_64/libRemarks.so.13
7fba5c00f000-7fba5c010000 rw-p 00003000 08:05 1445611                    /root/.javacpp/cache/llvm-13.0.1-1.5.7-linux-x86_64.jar/org/bytedeco/llvm/linux-x86_64/libRemarks.so.13
7fba5c010000-7fba5c014000 r--p 00000000 08:05 1445602                    /root/.javacpp/cache/javacpp-1.5.7-linux-x86_64.jar/org/bytedeco/javacpp/linux-x86_64/libjnijavacpp.so
7fba5c014000-7fba5c01b000 r-xp 00004000 08:05 1445602                    /root/.javacpp/cache/javacpp-1.5.7-linux-x86_64.jar/org/bytedeco/javacpp/linux-x86_64/libjnijavacpp.so
7fba5c01b000-7fba5c01f000 r--p 0000b000 08:05 1445602                    /root/.javacpp/cache/javacpp-1.5.7-linux-x86_64.jar/org/bytedeco/javacpp/linux-x86_64/libjnijavacpp.so
7fba5c01f000-7fba5c020000 r--p 0000e000 08:05 1445602                    /root/.javacpp/cache/javacpp-1.5.7-linux-x86_64.jar/org/bytedeco/javacpp/linux-x86_64/libjnijavacpp.so
7fba5c020000-7fba5c021000 rw-p 0000f000 08:05 1445602                    /root/.javacpp/cache/javacpp-1.5.7-linux-x86_64.jar/org/bytedeco/javacpp/linux-x86_64/libjnijavacpp.so
7fba5c021000-7fba5c022000 r--p 00000000 08:05 421094                     /usr/lib/jvm/java-11-openjdk-amd64/lib/libextnet.so
7fba5c022000-7fba5c023000 r-xp 00001000 08:05 421094                     /usr/lib/jvm/java-11-openjdk-amd64/lib/libextnet.so
7fba5c023000-7fba5c024000 r--p 00002000 08:05 421094                     /usr/lib/jvm/java-11-openjdk-amd64/lib/libextnet.so
7fba5c024000-7fba5c025000 r--p 00002000 08:05 421094                     /usr/lib/jvm/java-11-openjdk-amd64/lib/libextnet.so
7fba5c025000-7fba5c026000 rw-p 00003000 08:05 421094                     /usr/lib/jvm/java-11-openjdk-amd64/lib/libextnet.so
7fba5c026000-7fba5c02a000 r--p 00000000 08:05 421112                     /usr/lib/jvm/java-11-openjdk-amd64/lib/libnet.so
7fba5c02a000-7fba5c038000 r-xp 00004000 08:05 421112                     /usr/lib/jvm/java-11-openjdk-amd64/lib/libnet.so
7fba5c038000-7fba5c03c000 r--p 00012000 08:05 421112                     /usr/lib/jvm/java-11-openjdk-amd64/lib/libnet.so
7fba5c03c000-7fba5c03d000 r--p 00015000 08:05 421112                     /usr/lib/jvm/java-11-openjdk-amd64/lib/libnet.so
7fba5c03d000-7fba5c03e000 rw-p 00016000 08:05 421112                     /usr/lib/jvm/java-11-openjdk-amd64/lib/libnet.so
7fba5c03e000-7fba5c045000 r--p 00000000 08:05 421113                     /usr/lib/jvm/java-11-openjdk-amd64/lib/libnio.so
7fba5c045000-7fba5c04d000 r-xp 00007000 08:05 421113                     /usr/lib/jvm/java-11-openjdk-amd64/lib/libnio.so
7fba5c04d000-7fba5c050000 r--p 0000f000 08:05 421113                     /usr/lib/jvm/java-11-openjdk-amd64/lib/libnio.so
7fba5c050000-7fba5c051000 r--p 00011000 08:05 421113                     /usr/lib/jvm/java-11-openjdk-amd64/lib/libnio.so
7fba5c051000-7fba5c052000 rw-p 00012000 08:05 421113                     /usr/lib/jvm/java-11-openjdk-amd64/lib/libnio.so
7fba5c052000-7fba5c053000 ---p 00000000 00:00 0 
7fba5c053000-7fba5c356000 rw-p 00000000 00:00 0 
7fba5c356000-7fba5c357000 ---p 00000000 00:00 0 
7fba5c357000-7fba5c458000 rw-p 00000000 00:00 0 
7fba5c458000-7fba5c459000 ---p 00000000 00:00 0 
7fba5c459000-7fba5c579000 rw-p 00000000 00:00 0 
7fba5c579000-7fba5c740000 ---p 00000000 00:00 0 
7fba5c740000-7fba5c760000 rw-p 00000000 00:00 0 
7fba5c760000-7fba5c927000 ---p 00000000 00:00 0 
7fba5c927000-7fba5c947000 rw-p 00000000 00:00 0 
7fba5c947000-7fba5cb0e000 ---p 00000000 00:00 0 
7fba5cb0e000-7fba5cd11000 rw-p 00000000 00:00 0 
7fba5cd11000-7fba5cd12000 ---p 00000000 00:00 0 
7fba5cd12000-7fba5ce18000 rw-p 00000000 00:00 0 
7fba5ce18000-7fba5cefe000 ---p 00000000 00:00 0 
7fba5cefe000-7fba5cf03000 rw-p 00000000 00:00 0 
7fba5cf03000-7fba5cfe9000 ---p 00000000 00:00 0 
7fba5cfe9000-7fba5cfec000 r--p 00000000 08:05 402402                     /usr/lib/x86_64-linux-gnu/libnss_files-2.31.so
7fba5cfec000-7fba5cff3000 r-xp 00003000 08:05 402402                     /usr/lib/x86_64-linux-gnu/libnss_files-2.31.so
7fba5cff3000-7fba5cff5000 r--p 0000a000 08:05 402402                     /usr/lib/x86_64-linux-gnu/libnss_files-2.31.so
7fba5cff5000-7fba5cff6000 r--p 0000b000 08:05 402402                     /usr/lib/x86_64-linux-gnu/libnss_files-2.31.so
7fba5cff6000-7fba5cff7000 rw-p 0000c000 08:05 402402                     /usr/lib/x86_64-linux-gnu/libnss_files-2.31.so
7fba5cff7000-7fba5d023000 rw-p 00000000 00:00 0 
7fba5d023000-7fba5d02a000 ---p 00000000 00:00 0 
7fba5d02a000-7fba5d02c000 r--s 0000c000 08:05 664942                     /usr/share/java/java-atk-wrapper.jar
7fba5d02c000-7fba5d02e000 r--p 00000000 08:05 421121                     /usr/lib/jvm/java-11-openjdk-amd64/lib/libzip.so
7fba5d02e000-7fba5d033000 r-xp 00002000 08:05 421121                     /usr/lib/jvm/java-11-openjdk-amd64/lib/libzip.so
7fba5d033000-7fba5d035000 r--p 00007000 08:05 421121                     /usr/lib/jvm/java-11-openjdk-amd64/lib/libzip.so
7fba5d035000-7fba5d036000 r--p 00008000 08:05 421121                     /usr/lib/jvm/java-11-openjdk-amd64/lib/libzip.so
7fba5d036000-7fba5d037000 rw-p 00009000 08:05 421121                     /usr/lib/jvm/java-11-openjdk-amd64/lib/libzip.so
7fba5d037000-7fba5d03f000 rw-s 00000000 08:05 154097                     /tmp/hsperfdata_root/6574
7fba5d03f000-7fba5d041000 r--p 00000000 08:05 421096                     /usr/lib/jvm/java-11-openjdk-amd64/lib/libinstrument.so
7fba5d041000-7fba5d047000 r-xp 00002000 08:05 421096                     /usr/lib/jvm/java-11-openjdk-amd64/lib/libinstrument.so
7fba5d047000-7fba5d04a000 r--p 00008000 08:05 421096                     /usr/lib/jvm/java-11-openjdk-amd64/lib/libinstrument.so
7fba5d04a000-7fba5d04b000 r--p 0000a000 08:05 421096                     /usr/lib/jvm/java-11-openjdk-amd64/lib/libinstrument.so
7fba5d04b000-7fba5d04c000 rw-p 0000b000 08:05 421096                     /usr/lib/jvm/java-11-openjdk-amd64/lib/libinstrument.so
7fba5d04c000-7fba5d04e000 r--p 00000000 08:05 421104                     /usr/lib/jvm/java-11-openjdk-amd64/lib/libjimage.so
7fba5d04e000-7fba5d051000 r-xp 00002000 08:05 421104                     /usr/lib/jvm/java-11-openjdk-amd64/lib/libjimage.so
7fba5d051000-7fba5d052000 r--p 00005000 08:05 421104                     /usr/lib/jvm/java-11-openjdk-amd64/lib/libjimage.so
7fba5d052000-7fba5d053000 ---p 00006000 08:05 421104                     /usr/lib/jvm/java-11-openjdk-amd64/lib/libjimage.so
7fba5d053000-7fba5d054000 r--p 00006000 08:05 421104                     /usr/lib/jvm/java-11-openjdk-amd64/lib/libjimage.so
7fba5d054000-7fba5d055000 rw-p 00007000 08:05 421104                     /usr/lib/jvm/java-11-openjdk-amd64/lib/libjimage.so
7fba5d055000-7fba5d057000 r--p 00000000 08:05 402611                     /usr/lib/x86_64-linux-gnu/librt-2.31.so
7fba5d057000-7fba5d05b000 r-xp 00002000 08:05 402611                     /usr/lib/x86_64-linux-gnu/librt-2.31.so
7fba5d05b000-7fba5d05d000 r--p 00006000 08:05 402611                     /usr/lib/x86_64-linux-gnu/librt-2.31.so
7fba5d05d000-7fba5d05e000 r--p 00007000 08:05 402611                     /usr/lib/x86_64-linux-gnu/librt-2.31.so
7fba5d05e000-7fba5d05f000 rw-p 00008000 08:05 402611                     /usr/lib/x86_64-linux-gnu/librt-2.31.so
7fba5d05f000-7fba5d063000 ---p 00000000 00:00 0 
7fba5d063000-7fba5d160000 rw-p 00000000 00:00 0 
7fba5d160000-7fba5d163000 r--p 00000000 08:05 401915                     /usr/lib/x86_64-linux-gnu/libgcc_s.so.1
7fba5d163000-7fba5d175000 r-xp 00003000 08:05 401915                     /usr/lib/x86_64-linux-gnu/libgcc_s.so.1
7fba5d175000-7fba5d179000 r--p 00015000 08:05 401915                     /usr/lib/x86_64-linux-gnu/libgcc_s.so.1
7fba5d179000-7fba5d17a000 r--p 00018000 08:05 401915                     /usr/lib/x86_64-linux-gnu/libgcc_s.so.1
7fba5d17a000-7fba5d17b000 rw-p 00019000 08:05 401915                     /usr/lib/x86_64-linux-gnu/libgcc_s.so.1
7fba5d17b000-7fba5d188000 r--p 00000000 08:05 402276                     /usr/lib/x86_64-linux-gnu/libm-2.31.so
7fba5d188000-7fba5d22f000 r-xp 0000d000 08:05 402276                     /usr/lib/x86_64-linux-gnu/libm-2.31.so
7fba5d22f000-7fba5d2c8000 r--p 000b4000 08:05 402276                     /usr/lib/x86_64-linux-gnu/libm-2.31.so
7fba5d2c8000-7fba5d2c9000 r--p 0014c000 08:05 402276                     /usr/lib/x86_64-linux-gnu/libm-2.31.so
7fba5d2c9000-7fba5d2ca000 rw-p 0014d000 08:05 402276                     /usr/lib/x86_64-linux-gnu/libm-2.31.so
7fba5d2ca000-7fba5d360000 r--p 00000000 08:05 402720                     /usr/lib/x86_64-linux-gnu/libstdc++.so.6.0.28
7fba5d360000-7fba5d451000 r-xp 00096000 08:05 402720                     /usr/lib/x86_64-linux-gnu/libstdc++.so.6.0.28
7fba5d451000-7fba5d49a000 r--p 00187000 08:05 402720                     /usr/lib/x86_64-linux-gnu/libstdc++.so.6.0.28
7fba5d49a000-7fba5d49b000 ---p 001d0000 08:05 402720                     /usr/lib/x86_64-linux-gnu/libstdc++.so.6.0.28
7fba5d49b000-7fba5d4a6000 r--p 001d0000 08:05 402720                     /usr/lib/x86_64-linux-gnu/libstdc++.so.6.0.28
7fba5d4a6000-7fba5d4a9000 rw-p 001db000 08:05 402720                     /usr/lib/x86_64-linux-gnu/libstdc++.so.6.0.28
7fba5d4a9000-7fba5d4ac000 rw-p 00000000 00:00 0 
7fba5d4ac000-7fba5d72e000 r--p 00000000 08:05 421125                     /usr/lib/jvm/java-11-openjdk-amd64/lib/server/libjvm.so
7fba5d72e000-7fba5e3b7000 r-xp 00282000 08:05 421125                     /usr/lib/jvm/java-11-openjdk-amd64/lib/server/libjvm.so
7fba5e3b7000-7fba5e614000 r--p 00f0b000 08:05 421125                     /usr/lib/jvm/java-11-openjdk-amd64/lib/server/libjvm.so
7fba5e614000-7fba5e615000 ---p 01168000 08:05 421125                     /usr/lib/jvm/java-11-openjdk-amd64/lib/server/libjvm.so
7fba5e615000-7fba5e6d9000 r--p 01168000 08:05 421125                     /usr/lib/jvm/java-11-openjdk-amd64/lib/server/libjvm.so
7fba5e6d9000-7fba5e714000 rw-p 0122c000 08:05 421125                     /usr/lib/jvm/java-11-openjdk-amd64/lib/server/libjvm.so
7fba5e714000-7fba5e76d000 rw-p 00000000 00:00 0 
7fba5e76d000-7fba5e773000 r--p 00000000 08:05 402546                     /usr/lib/x86_64-linux-gnu/libpthread-2.31.so
7fba5e773000-7fba5e784000 r-xp 00006000 08:05 402546                     /usr/lib/x86_64-linux-gnu/libpthread-2.31.so
7fba5e784000-7fba5e78a000 r--p 00017000 08:05 402546                     /usr/lib/x86_64-linux-gnu/libpthread-2.31.so
7fba5e78a000-7fba5e78b000 r--p 0001c000 08:05 402546                     /usr/lib/x86_64-linux-gnu/libpthread-2.31.so
7fba5e78b000-7fba5e78c000 rw-p 0001d000 08:05 402546                     /usr/lib/x86_64-linux-gnu/libpthread-2.31.so
7fba5e78c000-7fba5e790000 rw-p 00000000 00:00 0 
7fba5e790000-7fba5e791000 r--p 00000000 08:05 401761                     /usr/lib/x86_64-linux-gnu/libdl-2.31.so
7fba5e791000-7fba5e793000 r-xp 00001000 08:05 401761                     /usr/lib/x86_64-linux-gnu/libdl-2.31.so
7fba5e793000-7fba5e794000 r--p 00003000 08:05 401761                     /usr/lib/x86_64-linux-gnu/libdl-2.31.so
7fba5e794000-7fba5e795000 r--p 00003000 08:05 401761                     /usr/lib/x86_64-linux-gnu/libdl-2.31.so
7fba5e795000-7fba5e796000 rw-p 00004000 08:05 401761                     /usr/lib/x86_64-linux-gnu/libdl-2.31.so
7fba5e796000-7fba5e798000 r--p 00000000 08:05 393761                     /usr/lib/x86_64-linux-gnu/libz.so.1.2.11
7fba5e798000-7fba5e7a9000 r-xp 00002000 08:05 393761                     /usr/lib/x86_64-linux-gnu/libz.so.1.2.11
7fba5e7a9000-7fba5e7af000 r--p 00013000 08:05 393761                     /usr/lib/x86_64-linux-gnu/libz.so.1.2.11
7fba5e7af000-7fba5e7b0000 ---p 00019000 08:05 393761                     /usr/lib/x86_64-linux-gnu/libz.so.1.2.11
7fba5e7b0000-7fba5e7b1000 r--p 00019000 08:05 393761                     /usr/lib/x86_64-linux-gnu/libz.so.1.2.11
7fba5e7b1000-7fba5e7b2000 rw-p 0001a000 08:05 393761                     /usr/lib/x86_64-linux-gnu/libz.so.1.2.11
7fba5e7b2000-7fba5e7d4000 r--p 00000000 08:05 401618                     /usr/lib/x86_64-linux-gnu/libc-2.31.so
7fba5e7d4000-7fba5e94c000 r-xp 00022000 08:05 401618                     /usr/lib/x86_64-linux-gnu/libc-2.31.so
7fba5e94c000-7fba5e99a000 r--p 0019a000 08:05 401618                     /usr/lib/x86_64-linux-gnu/libc-2.31.so
7fba5e99a000-7fba5e99e000 r--p 001e7000 08:05 401618                     /usr/lib/x86_64-linux-gnu/libc-2.31.so
7fba5e99e000-7fba5e9a0000 rw-p 001eb000 08:05 401618                     /usr/lib/x86_64-linux-gnu/libc-2.31.so
7fba5e9a0000-7fba5e9a4000 rw-p 00000000 00:00 0 
7fba5e9a4000-7fba5e9a5000 ---p 00000000 00:00 0 
7fba5e9a5000-7fba5e9a6000 r--p 00000000 00:00 0 
7fba5e9a6000-7fba5e9b4000 r--p 00000000 08:05 421101                     /usr/lib/jvm/java-11-openjdk-amd64/lib/libjava.so
7fba5e9b4000-7fba5e9ca000 r-xp 0000e000 08:05 421101                     /usr/lib/jvm/java-11-openjdk-amd64/lib/libjava.so
7fba5e9ca000-7fba5e9d1000 r--p 00024000 08:05 421101                     /usr/lib/jvm/java-11-openjdk-amd64/lib/libjava.so
7fba5e9d1000-7fba5e9d2000 r--p 0002a000 08:05 421101                     /usr/lib/jvm/java-11-openjdk-amd64/lib/libjava.so
7fba5e9d2000-7fba5e9d3000 rw-p 0002b000 08:05 421101                     /usr/lib/jvm/java-11-openjdk-amd64/lib/libjava.so
7fba5e9d3000-7fba5e9d4000 rw-p 00000000 00:00 0 
7fba5e9d4000-7fba5e9d9000 r--p 00000000 08:05 421120                     /usr/lib/jvm/java-11-openjdk-amd64/lib/libverify.so
7fba5e9d9000-7fba5e9e0000 r-xp 00005000 08:05 421120                     /usr/lib/jvm/java-11-openjdk-amd64/lib/libverify.so
7fba5e9e0000-7fba5e9e2000 r--p 0000c000 08:05 421120                     /usr/lib/jvm/java-11-openjdk-amd64/lib/libverify.so
7fba5e9e2000-7fba5e9e3000 ---p 0000e000 08:05 421120                     /usr/lib/jvm/java-11-openjdk-amd64/lib/libverify.so
7fba5e9e3000-7fba5e9e5000 r--p 0000e000 08:05 421120                     /usr/lib/jvm/java-11-openjdk-amd64/lib/libverify.so
7fba5e9e5000-7fba5e9e6000 rw-p 00010000 08:05 421120                     /usr/lib/jvm/java-11-openjdk-amd64/lib/libverify.so
7fba5e9e6000-7fba5e9e9000 r--p 00000000 08:05 421086                     /usr/lib/jvm/java-11-openjdk-amd64/lib/jli/libjli.so
7fba5e9e9000-7fba5e9f3000 r-xp 00003000 08:05 421086                     /usr/lib/jvm/java-11-openjdk-amd64/lib/jli/libjli.so
7fba5e9f3000-7fba5e9f6000 r--p 0000d000 08:05 421086                     /usr/lib/jvm/java-11-openjdk-amd64/lib/jli/libjli.so
7fba5e9f6000-7fba5e9f7000 ---p 00010000 08:05 421086                     /usr/lib/jvm/java-11-openjdk-amd64/lib/jli/libjli.so
7fba5e9f7000-7fba5e9f8000 r--p 00010000 08:05 421086                     /usr/lib/jvm/java-11-openjdk-amd64/lib/jli/libjli.so
7fba5e9f8000-7fba5e9f9000 rw-p 00011000 08:05 421086                     /usr/lib/jvm/java-11-openjdk-amd64/lib/jli/libjli.so
7fba5e9f9000-7fba5e9fb000 rw-p 00000000 00:00 0 
7fba5e9fb000-7fba5e9fc000 r--p 00000000 08:05 401398                     /usr/lib/x86_64-linux-gnu/ld-2.31.so
7fba5e9fc000-7fba5ea1f000 r-xp 00001000 08:05 401398                     /usr/lib/x86_64-linux-gnu/ld-2.31.so
7fba5ea1f000-7fba5ea27000 r--p 00024000 08:05 401398                     /usr/lib/x86_64-linux-gnu/ld-2.31.so
7fba5ea28000-7fba5ea29000 r--p 0002c000 08:05 401398                     /usr/lib/x86_64-linux-gnu/ld-2.31.so
7fba5ea29000-7fba5ea2a000 rw-p 0002d000 08:05 401398                     /usr/lib/x86_64-linux-gnu/ld-2.31.so
7fba5ea2a000-7fba5ea2b000 rw-p 00000000 00:00 0 
7ffe0b872000-7ffe0b894000 rw-p 00000000 00:00 0                          [stack]
7ffe0b95c000-7ffe0b960000 r--p 00000000 00:00 0                          [vvar]
7ffe0b960000-7ffe0b962000 r-xp 00000000 00:00 0                          [vdso]
ffffffffff600000-ffffffffff601000 --xp 00000000 00:00 0                  [vsyscall]


VM Arguments:
jvm_args: -javaagent:/opt/idea/idea-IU-222.4345.14/lib/idea_rt.jar=44095:/opt/idea/idea-IU-222.4345.14/bin -Dfile.encoding=UTF-8 
java_command: Main /usr/local/lib/Lab/tests/test1.sysy /usr/local/lib/Lab/tests/lab4.ll
java_class_path (initial): /usr/local/lib/Lab/target/classes:/usr/local/lib/antlr-4.9.1-complete.jar:/root/.m2/repository/org/bytedeco/llvm-platform/13.0.1-1.5.7/llvm-platform-13.0.1-1.5.7.jar:/root/.m2/repository/org/bytedeco/javacpp-platform/1.5.7/javacpp-platform-1.5.7.jar:/root/.m2/repository/org/bytedeco/javacpp/1.5.7/javacpp-1.5.7.jar:/root/.m2/repository/org/bytedeco/javacpp/1.5.7/javacpp-1.5.7-android-arm.jar:/root/.m2/repository/org/bytedeco/javacpp/1.5.7/javacpp-1.5.7-android-arm64.jar:/root/.m2/repository/org/bytedeco/javacpp/1.5.7/javacpp-1.5.7-android-x86.jar:/root/.m2/repository/org/bytedeco/javacpp/1.5.7/javacpp-1.5.7-android-x86_64.jar:/root/.m2/repository/org/bytedeco/javacpp/1.5.7/javacpp-1.5.7-ios-arm64.jar:/root/.m2/repository/org/bytedeco/javacpp/1.5.7/javacpp-1.5.7-ios-x86_64.jar:/root/.m2/repository/org/bytedeco/javacpp/1.5.7/javacpp-1.5.7-linux-armhf.jar:/root/.m2/repository/org/bytedeco/javacpp/1.5.7/javacpp-1.5.7-linux-arm64.jar:/root/.m2/repository/org/bytedeco/javacpp/1.5.7/javacpp-1.5.7-linux-ppc64le.jar:/root/.m2/repository/org/bytedeco/javacpp/1.5.7/javacpp-1.5.7-linux-x86.jar:/root/.m2/repository/org/bytedeco/javacpp/1.5.7/javacpp-1.5.7-linux-x86_64.jar:/root/.m2/repository/org/bytedeco/javacpp/1.5.7/javacpp-1.5.7-macosx-arm64.jar:/root/.m2/repository/org/bytedeco/javacpp/1.5.7/javacpp-1.5.7-macosx-x86_64.jar:/root/.m2/repository/org/bytedeco/javacpp/1.5.7/javacpp-1.5.7-windows-x86.jar:/root/.m2/repository/org/bytedeco/javacpp/1.5.7/javacpp-1.5.7-windows-x86_64.jar:/root/.m2/repository/org/bytedeco/llvm/13.0.1-1.5.7/llvm-13.0.1-1.5.7.jar:/root/.m2/repository/org/bytedeco/llvm/13.0.1-1.5.7/llvm-13.0.1-1.5.7-linux-x86.jar:/root/.m2/repository/org/bytedeco/llvm/13.0.1-1.5.7/llvm-13.0.1-1.5.7-linux-x86_64.jar:/root/.m2/repository/org/bytedeco/llvm/13.0.1-1.5.7/llvm-13.0.1-1.5.7-linux-armhf.jar:/root/.m2/repository/org/bytedeco/llvm/13.0.1-1.5.7/llvm-13.0.1-1.5.7-linux-arm64.jar:/root/.m2/repository/org/bytedeco/llvm/13.0.1-1.5.7/llvm-13
Launcher Type: SUN_STANDARD

[Global flags]
     intx CICompilerCount                          = 2                                         {product} {ergonomic}
     uint ConcGCThreads                            = 1                                         {product} {ergonomic}
     uint G1ConcRefinementThreads                  = 2                                         {product} {ergonomic}
   size_t G1HeapRegionSize                         = 1048576                                   {product} {ergonomic}
    uintx GCDrainStackTargetSize                   = 64                                        {product} {ergonomic}
   size_t InitialHeapSize                          = 65011712                                  {product} {ergonomic}
   size_t MarkStackSize                            = 4194304                                   {product} {ergonomic}
   size_t MaxHeapSize                              = 1021313024                                {product} {ergonomic}
   size_t MaxNewSize                               = 612368384                                 {product} {ergonomic}
   size_t MinHeapDeltaBytes                        = 1048576                                   {product} {ergonomic}
    uintx NonNMethodCodeHeapSize                   = 5825164                                {pd product} {ergonomic}
    uintx NonProfiledCodeHeapSize                  = 122916538                              {pd product} {ergonomic}
    uintx ProfiledCodeHeapSize                     = 122916538                              {pd product} {ergonomic}
    uintx ReservedCodeCacheSize                    = 251658240                              {pd product} {ergonomic}
     bool SegmentedCodeCache                       = true                                      {product} {ergonomic}
     bool UseCompressedClassPointers               = true                                 {lp64_product} {ergonomic}
     bool UseCompressedOops                        = true                                 {lp64_product} {ergonomic}
     bool UseG1GC                                  = true                                      {product} {ergonomic}

Logging:
Log output configuration:
 #0: stdout all=warning uptime,level,tags
 #1: stderr all=off uptime,level,tags

Environment Variables:
CLASSPATH=/usr/local/lib/antlr-4.10.1-complete.jar:.
PATH=/usr/local/sbin:/usr/local/bin:/usr/sbin:/usr/bin:/sbin:/bin:/snap/bin
SHELL=/bin/bash
DISPLAY=:0
LANG=en_US.UTF-8
TERM=xterm-256color

Signal Handlers:
SIGSEGV: [libjvm.so+0xe97eb0], sa_mask[0]=11111111011111111101111111111110, sa_flags=SA_RESTART|SA_SIGINFO
SIGBUS: [libjvm.so+0xe97eb0], sa_mask[0]=11111111011111111101111111111110, sa_flags=SA_RESTART|SA_SIGINFO
SIGFPE: [libjvm.so+0xe97eb0], sa_mask[0]=11111111011111111101111111111110, sa_flags=SA_RESTART|SA_SIGINFO
SIGPIPE: [libjvm.so+0xbde850], sa_mask[0]=11111111011111111101111111111110, sa_flags=SA_RESTART|SA_SIGINFO
SIGXFSZ: [libjvm.so+0xbde850], sa_mask[0]=11111111011111111101111111111110, sa_flags=SA_RESTART|SA_SIGINFO
SIGILL: [libjvm.so+0xe97eb0], sa_mask[0]=11111111011111111101111111111110, sa_flags=SA_RESTART|SA_SIGINFO
SIGUSR2: [libjvm.so+0xbde6f0], sa_mask[0]=00100000000000000000000000000000, sa_flags=SA_RESTART|SA_SIGINFO
SIGHUP: [libjvm.so+0xbde9e0], sa_mask[0]=11111111011111111101111111111110, sa_flags=SA_RESTART|SA_SIGINFO
SIGINT: [libjvm.so+0xbde9e0], sa_mask[0]=11111111011111111101111111111110, sa_flags=SA_RESTART|SA_SIGINFO
SIGTERM: [libjvm.so+0xbde9e0], sa_mask[0]=11111111011111111101111111111110, sa_flags=SA_RESTART|SA_SIGINFO
SIGQUIT: [libjvm.so+0xbde9e0], sa_mask[0]=11111111011111111101111111111110, sa_flags=SA_RESTART|SA_SIGINFO


---------------  S Y S T E M  ---------------

OS:DISTRIB_ID=Ubuntu
DISTRIB_RELEASE=20.04
DISTRIB_CODENAME=focal
DISTRIB_DESCRIPTION="Ubuntu 20.04.5 LTS"
uname:Linux 5.15.0-56-generic #62~20.04.1-Ubuntu SMP Tue Nov 22 21:24:20 UTC 2022 x86_64
OS uptime: 0 days 3:12 hours
libc:glibc 2.31 NPTL 2.31 
rlimit (soft/hard): STACK 8192k/infinity , CORE 0k/infinity , NPROC 15258/15258 , NOFILE 1048576/1048576 , AS infinity/infinity , CPU infinity/infinity , DATA infinity/infinity , FSIZE infinity/infinity , MEMLOCK 65536k/65536k
load average:2.47 0.99 0.43

/proc/meminfo:
MemTotal:        3983216 kB
MemFree:          266640 kB
MemAvailable:     642376 kB
Buffers:           21304 kB
Cached:           521376 kB
SwapCached:        25036 kB
Active:          1010308 kB
Inactive:        2204280 kB
Active(anon):     684928 kB
Inactive(anon):  1988656 kB
Active(file):     325380 kB
Inactive(file):   215624 kB
Unevictable:           0 kB
Mlocked:               0 kB
SwapTotal:        945416 kB
SwapFree:         482884 kB
Dirty:              2724 kB
Writeback:             0 kB
AnonPages:       2652768 kB
Mapped:           232048 kB
Shmem:              1676 kB
KReclaimable:      78064 kB
Slab:             152064 kB
SReclaimable:      78064 kB
SUnreclaim:        74000 kB
KernelStack:       12768 kB
PageTables:        22364 kB
NFS_Unstable:          0 kB
Bounce:                0 kB
WritebackTmp:          0 kB
CommitLimit:     2937024 kB
Committed_AS:    5285348 kB
VmallocTotal:   34359738367 kB
VmallocUsed:       59848 kB
VmallocChunk:          0 kB
Percpu:            89088 kB
HardwareCorrupted:     0 kB
AnonHugePages:         0 kB
ShmemHugePages:        0 kB
ShmemPmdMapped:        0 kB
FileHugePages:         0 kB
FilePmdMapped:         0 kB
HugePages_Total:       0
HugePages_Free:        0
HugePages_Rsvd:        0
HugePages_Surp:        0
Hugepagesize:       2048 kB
Hugetlb:               0 kB
DirectMap4k:      264000 kB
DirectMap2M:     2881536 kB
DirectMap1G:     3145728 kB

/sys/kernel/mm/transparent_hugepage/enabled:
always [madvise] never
/sys/kernel/mm/transparent_hugepage/defrag (defrag/compaction efforts parameter):
always defer defer+madvise [madvise] never

Process Memory:
Virtual Size: 3680636K (peak: 12380388K)
Resident Set Size: 102316K (peak: 102920K) (anon: 45520K, file: 56796K, shmem: 0K)
Swapped out: 0K
C-Heap outstanding allocations: 16578K, retained: 1945K
glibc malloc tunables: (default)

/proc/sys/kernel/threads-max (system-wide limit on the number of threads):
30517
/proc/sys/vm/max_map_count (maximum number of memory map areas a process may have):
65530
/proc/sys/kernel/pid_max (system-wide limit on number of process identifiers):
4194304

container (cgroup) information:
container_type: cgroupv1
cpu_cpuset_cpus: 0-1
cpu_memory_nodes: 0
active_processor_count: 2
cpu_quota: no quota
cpu_period: 100000
cpu_shares: no shares
memory_limit_in_bytes: unlimited
memory_and_swap_limit_in_bytes: unlimited
memory_soft_limit_in_bytes: unlimited
memory_usage_in_bytes: 3027120 k
memory_max_usage_in_bytes: 3254124 k
maximum number of tasks: unlimited
current number of tasks: 409

VMWare virtualization detected
Steal ticks since vm start: 0
Steal ticks percentage since vm start:  0.000

CPU:total 2 (initial active 2) (1 cores per cpu, 1 threads per core) family 23 model 96 stepping 1 microcode 0x8600102, cmov, cx8, fxsr, mmx, sse, sse2, sse3, ssse3, sse4.1, sse4.2, popcnt, avx, avx2, aes, clmul, mmxext, 3dnowpref, lzcnt, sse4a, tsc, tscinvbit, tscinv, bmi1, bmi2, adx, sha, fma
CPU Model and flags from /proc/cpuinfo:
model name	: AMD Ryzen 5 4600U with Radeon Graphics
flags		: fpu vme de pse tsc msr pae mce cx8 apic sep mtrr pge mca cmov pat pse36 clflush mmx fxsr sse sse2 syscall nx mmxext fxsr_opt pdpe1gb rdtscp lm constant_tsc rep_good nopl tsc_reliable nonstop_tsc cpuid extd_apicid tsc_known_freq pni pclmulqdq ssse3 fma cx16 sse4_1 sse4_2 x2apic movbe popcnt aes xsave avx f16c rdrand hypervisor lahf_lm extapic cr8_legacy abm sse4a misalignsse 3dnowprefetch osvw ssbd ibpb vmmcall fsgsbase bmi1 avx2 smep bmi2 rdseed adx smap clflushopt clwb sha_ni xsaveopt xsavec xsaves clzero arat overflow_recov succor
Online cpus:
0-1
Offline cpus:
2-127
BIOS frequency limitation:
<Not Available>
Frequency switch latency (ns):
<Not Available>
Available cpu frequencies:
<Not Available>
Current governor:
<Not Available>
Core performance/turbo boost:
<Not Available>

Memory: 4k page, physical 3983216k(266640k free), swap 945416k(482884k free)

vm_info: OpenJDK 64-Bit Server VM (11.0.17+8-post-Ubuntu-1ubuntu220.04) for linux-amd64 JRE (11.0.17+8-post-Ubuntu-1ubuntu220.04), built on Oct 25 2022 09:30:51 by "unknown" with gcc 9.4.0

END.
